        -:    0:Source:Password.cpp
        -:    0:Graph:Password.gcno
        -:    0:Data:Password.gcda
        -:    0:Runs:1
        -:    1:#include "Password.h"
        -:    2:#include <string>
        -:    3:
        -:    4:using std::string;
        -:    5:
        -:    6:/*
        -:    7:  The function receives a string counts how many times the same character
        -:    8:  occurs at the beginning of the string, before any other characters (or the
        -:    9:  end of the string). The function is case-sensitive so 'Z' is different than
        -:   10:  'z' and any ASCII characters are allowed.
        -:   11:*/
        1:   12:int Password::count_leading_characters(string phrase)
        -:   13:{
        1:   14:  int repetition = 1;
        1:   15:  int index = 0;
       1*:   16:  while (index < phrase.length() - 1 && phrase[index] == phrase[index + 1])
        -:   17:  {
    #####:   18:    repetition++;
    #####:   19:    index++;
        -:   20:  }
        1:   21:  return repetition;
        -:   22:}
        -:   23:
        -:   24:// Implementation A
        -:   25:#include <cctype>
        1:   26:bool Password::has_mixed_case(string str)
        -:   27:{
        1:   28:  bool has_lower = false;
        1:   29:  bool has_upper = false;
        6:   30:  for (char ch : str)
        -:   31:  {
        5:   32:    if (std::islower(ch))
        -:   33:    {
        2:   34:      has_lower = true;
        -:   35:    }
        3:   36:    else if (std::isupper(ch))
        -:   37:    {
        1:   38:      has_upper = true;
        -:   39:    }
        -:   40:  }
       1*:   41:  return has_lower && has_upper;
        -:   42:}
        -:   43:
        1:   44:unsigned int Password::unique_characters(string s)
        -:   45:{
        1:   46:  char allChars[255] = {0};
        1:   47:  int unique = 0;
        -:   48:
        4:   49:  for (char c : s)
        -:   50:  {
        3:   51:    if(!allChars[c])
        -:   52:    {
        3:   53:      allChars[c] = 1;
        3:   54:      unique++;
        -:   55:    }
        -:   56:  }
        -:   57:
        1:   58:  return unique;
        -:   59:}
